@00000003
0000001300000013000000130000001300000013000006170000059700000517
000000130000001300000013298622032A05A1032A8520830000001300000013
0000001300000013000000130200006300000013000000130000001300000013
0000001300000013000001170000009700000013000000130000001300000013
0000001300000013248101132480809300000013000000130000001300000013
0001130300308283002082030000818300000013000000130000001300000013
0041843300000013000000130000001300000013000000130000001300211383
0A829E630000001300000013000000130000001300000013000000130C604C63
002081B300000717000006970000001300000013000000130000001300000013
000000130000001319868493000000130000001300000013FFF0C3130040F2B3
00000013004080B3194723830064A02300000013000000130000001300000013
0000001308104263000000130000001300000013000000130000001300000013
00000013F6000EE3000000130000001300000013000000130000001300000013
0000001300000797000000130000001300000013000000130000001300000013
000000630FC7A083000000130000001300000013000000130000001300000013
0000081700000013000000130000001300000013000000130000001300000013
0B48208300000013000000130000001300000013000000130000001300000013
0000001300000013000000130000001300000013000000130000001300000063
0000000000000000000000000000000000000000000000000000000000000000
0000000000000000000000000000000000000000000000000000000000000000
0000000000000000000000000000000000000000000000000000000000000000
0020FFFF04030201BADDBADD600D600D00000001FFFFFFFE0000000200000001
